2024-07-12 20:57:28.157 [main] INFO  c.r.U.UrlShortenerApplication - Starting UrlShortenerApplication using Java 21.0.1 with PID 25400 (D:\ProjectsJava\UrlShortener\target\classes started by User in D:\ProjectsJava\UrlShortener)
2024-07-12 20:57:28.165 [main] DEBUG c.r.U.UrlShortenerApplication - Running with Spring Boot v3.3.1, Spring v6.1.10
2024-07-12 20:57:28.166 [main] INFO  c.r.U.UrlShortenerApplication - No active profile set, falling back to 1 default profile: "default"
2024-07-12 20:57:28.807 [main] INFO  o.s.d.r.c.RepositoryConfigurationDelegate - Bootstrapping Spring Data JPA repositories in DEFAULT mode.
2024-07-12 20:57:28.854 [main] INFO  o.s.d.r.c.RepositoryConfigurationDelegate - Finished Spring Data repository scanning in 40 ms. Found 1 JPA repository interface.
2024-07-12 20:57:29.298 [main] INFO  o.s.b.w.e.tomcat.TomcatWebServer - Tomcat initialized with port 8080 (http)
2024-07-12 20:57:29.308 [main] INFO  o.a.catalina.core.StandardService - Starting service [Tomcat]
2024-07-12 20:57:29.308 [main] INFO  o.a.catalina.core.StandardEngine - Starting Servlet engine: [Apache Tomcat/10.1.25]
2024-07-12 20:57:29.360 [main] INFO  o.a.c.c.C.[Tomcat].[localhost].[/] - Initializing Spring embedded WebApplicationContext
2024-07-12 20:57:29.360 [main] INFO  o.s.b.w.s.c.ServletWebServerApplicationContext - Root WebApplicationContext: initialization completed in 1151 ms
2024-07-12 20:57:29.558 [main] INFO  com.zaxxer.hikari.HikariDataSource - HikariPool-1 - Starting...
2024-07-12 20:57:29.706 [main] INFO  com.zaxxer.hikari.pool.HikariPool - HikariPool-1 - Added connection org.postgresql.jdbc.PgConnection@66ec4409
2024-07-12 20:57:29.710 [main] INFO  com.zaxxer.hikari.HikariDataSource - HikariPool-1 - Start completed.
2024-07-12 20:57:29.733 [main] INFO  org.flywaydb.core.FlywayExecutor - Database: jdbc:postgresql://127.0.0.1:5432/short_urls (PostgreSQL 16.2)
2024-07-12 20:57:29.768 [main] INFO  o.f.core.internal.command.DbValidate - Successfully validated 1 migration (execution time 00:00.020s)
2024-07-12 20:57:29.833 [main] INFO  o.f.core.internal.command.DbMigrate - Current version of schema "public": 1
2024-07-12 20:57:29.837 [main] INFO  o.f.core.internal.command.DbMigrate - Schema "public" is up to date. No migration necessary.
2024-07-12 20:57:29.897 [main] INFO  o.h.jpa.internal.util.LogHelper - HHH000204: Processing PersistenceUnitInfo [name: default]
2024-07-12 20:57:29.946 [main] INFO  org.hibernate.Version - HHH000412: Hibernate ORM core version 6.5.2.Final
2024-07-12 20:57:29.975 [main] INFO  o.h.c.i.RegionFactoryInitiator - HHH000026: Second-level cache disabled
2024-07-12 20:57:30.195 [main] INFO  o.s.o.j.p.SpringPersistenceUnitInfo - No LoadTimeWeaver setup: ignoring JPA class transformer
2024-07-12 20:57:30.816 [main] INFO  o.h.e.t.j.p.i.JtaPlatformInitiator - HHH000489: No JTA platform available (set 'hibernate.transaction.jta.platform' to enable JTA platform integration)
2024-07-12 20:57:30.845 [main] INFO  o.s.o.j.LocalContainerEntityManagerFactoryBean - Initialized JPA EntityManagerFactory for persistence unit 'default'
2024-07-12 20:57:31.081 [main] INFO  o.s.d.j.r.query.QueryEnhancerFactory - Hibernate is in classpath; If applicable, HQL parser will be used.
2024-07-12 20:57:31.145 [main] WARN  o.s.b.a.o.j.JpaBaseConfiguration$JpaWebConfiguration - spring.jpa.open-in-view is enabled by default. Therefore, database queries may be performed during view rendering. Explicitly configure spring.jpa.open-in-view to disable this warning
2024-07-12 20:57:31.433 [main] INFO  o.s.b.w.e.tomcat.TomcatWebServer - Tomcat started on port 8080 (http) with context path '/'
2024-07-12 20:57:31.439 [main] INFO  c.r.U.UrlShortenerApplication - Started UrlShortenerApplication in 3.698 seconds (process running for 12.353)
2024-07-12 20:57:44.168 [SpringApplicationShutdownHook] INFO  o.s.o.j.LocalContainerEntityManagerFactoryBean - Closing JPA EntityManagerFactory for persistence unit 'default'
2024-07-12 20:57:44.170 [SpringApplicationShutdownHook] INFO  com.zaxxer.hikari.HikariDataSource - HikariPool-1 - Shutdown initiated...
2024-07-12 20:57:44.174 [SpringApplicationShutdownHook] INFO  com.zaxxer.hikari.HikariDataSource - HikariPool-1 - Shutdown completed.
